<?xml version="1.0" encoding="UTF-8"?>

<mule xmlns:tls="http://www.mulesoft.org/schema/mule/tls" xmlns:spring="http://www.mulesoft.org/schema/mule/spring"
	xmlns:http="http://www.mulesoft.org/schema/mule/http"
	xmlns="http://www.mulesoft.org/schema/mule/core" xmlns:doc="http://www.mulesoft.org/schema/mule/documentation" xmlns:xsi="http://www.w3.org/2001/XMLSchema-instance" xsi:schemaLocation="http://www.mulesoft.org/schema/mule/core http://www.mulesoft.org/schema/mule/core/current/mule.xsd
http://www.mulesoft.org/schema/mule/http http://www.mulesoft.org/schema/mule/http/current/mule-http.xsd
http://www.mulesoft.org/schema/mule/spring http://www.mulesoft.org/schema/mule/spring/current/mule-spring.xsd
http://www.mulesoft.org/schema/mule/tls http://www.mulesoft.org/schema/mule/tls/current/mule-tls.xsd">
	<http:listener-config name="HTTP_Listener_config" doc:name="HTTP Listener config" doc:id="61f4fd5e-0cc0-4fe9-a4c0-26a0834f8857" >
		<http:listener-connection host="0.0.0.0" port="8081" protocol="HTTPS">
			<tls:context >
				<tls:key-store type="jks" path="keystore.jks" alias="mule" keyPassword="Welcome$fall19" password="Welcome$fall19" />
			</tls:context>
		</http:listener-connection>
	</http:listener-config>
	<spring:config name="Spring_Config" doc:name="Spring Config" doc:id="b0c4e80c-87ae-4983-8b61-8120697af63c" files="beans.xml"/>
	<spring:security-manager doc:name="Spring Security manager" doc:id="1e7157ed-241e-4a46-a008-702f689a7db9" >
		<spring:delegate-security-provider name="memory-provider" delegate-ref="authenticationManager" />
	</spring:security-manager>
	<flow name="test-basic-authenticationFlow" doc:id="d9deafd8-6b4c-4427-8c06-2cd1ccde64a8" >
		<http:listener doc:name="Listener" doc:id="ba04805e-d3ec-4fbf-aba7-0bc1d8f43941" config-ref="HTTP_Listener_config" path="/baseAuth" allowedMethods="GET"/>
		<http:basic-security-filter doc:name="Basic security filter" doc:id="7e0850b8-2d7f-4d6c-b077-cec6bcdafd7a" realm="mule"/>
		<logger level="INFO" doc:name="Logger" doc:id="94d79bda-3d1a-4ebe-be97-e0f173f4b8a6" message="Basic Auth Test Success"/>
		<set-payload value="BasicAuth Test Successful" doc:name="Set Payload" doc:id="3a6f917a-f33c-4fa7-8e32-436036109b9d" />
	</flow>
</mule>
